<?xml version="1.0" encoding="UTF-8"?>
<!-- Generated by org.testng.reporters.JUnitXMLReporter -->
<testsuite hostname="DESKTOP-K1C0HJ9" ignored="0" name="Test" tests="4" failures="1" timestamp="2020-10-01T00:17:19 IST" time="48.132" errors="0">
  <testcase name="launchHome" time="1.664" classname="academy.Home"/>
  <testcase name="launchHome" time="1.358" classname="academy.Home"/>
  <testcase name="launchHome" time="1.786" classname="academy.Login"/>
  <testcase name="checkText" time="0.13" classname="academy.AssertionExample">
    <failure type="java.lang.AssertionError" message="expected [FEATURED COURSES12] but found [FEATURED COURSES]">
      <![CDATA[java.lang.AssertionError: expected [FEATURED COURSES12] but found [FEATURED COURSES]
at academy.AssertionExample.checkText(AssertionExample.java:40)
at java.util.ArrayList.forEach(ArrayList.java:1259)
... Removed 33 stack frames]]>
    </failure>
  </testcase> <!-- checkText -->
</testsuite> <!-- Test -->
