<?xml version="1.0" encoding="UTF-8"?>
<testsuite xmlns:xsi="http://www.w3.org/2001/XMLSchema-instance" xsi:noNamespaceSchemaLocation="https://maven.apache.org/surefire/maven-surefire-plugin/xsd/surefire-test-report-3.0.xsd" version="3.0" name="TestSuite" time="6.223" tests="10" errors="0" skipped="7" failures="3">
  <properties>
[...]
</properties>
  <testcase name="init" classname="academy.Home" time="3.966">
    <failure type="java.lang.NullPointerException"><![CDATA[java.lang.NullPointerException
	at academy.Home.init(Home.java:26)
]]></failure>
    <system-out><![CDATA[Driver is: jenkins
Driver is: jenkins
Driver is: jenkins
Please select a valid driver.
Please select a valid driver.
Please select a valid driver.
]]></system-out>
  </testcase>
  <testcase name="launchHome[dataprovider123@gmail.com, 12345678](1)" classname="academy.Home" time="0">
    <skipped/>
  </testcase>
  <testcase name="launchHome[restricteduser@gmail.com, 12345678](2)" classname="academy.Home" time="0">
    <skipped/>
  </testcase>
  <testcase name="destroy" classname="academy.Home" time="0">
    <skipped/>
  </testcase>
  <testcase name="init" classname="academy.Login" time="3.968">
    <failure type="java.lang.NullPointerException"><![CDATA[java.lang.NullPointerException
	at academy.Login.init(Login.java:25)
]]></failure>
  </testcase>
  <testcase name="launchHome" classname="academy.Login" time="0">
    <skipped/>
  </testcase>
  <testcase name="destroy" classname="academy.Login" time="0">
    <skipped/>
  </testcase>
  <testcase name="init" classname="academy.AssertionExample" time="3.968">
    <failure type="java.lang.NullPointerException"><![CDATA[java.lang.NullPointerException
	at academy.AssertionExample.init(AssertionExample.java:26)
]]></failure>
  </testcase>
  <testcase name="checkText" classname="academy.AssertionExample" time="0">
    <skipped/>
  </testcase>
  <testcase name="destroy" classname="academy.AssertionExample" time="0">
    <skipped/>
  </testcase>
</testsuite>